<?xml version="1.0" encoding="UTF-8"?>
<!-- Generated by org.testng.reporters.JUnitXMLReporter -->
<testsuite hostname="DESKTOP-5H4QDEN" ignored="2" name="Test" tests="2" failures="0" timestamp="2020-04-07T13:58:26 IST" time="125.055" errors="0">
  <testcase name="logintest" time="83.487" classname="com.HyreFox.testCases.LoginTest"/>
  <testcase name="createrequire" time="40.92" classname="com.HyreFox.testCases.CreateRequirements"/>
  <testcase name="@BeforeSuite setup" time="0.0" classname="com.HyreFox.testCases.BaseClass">
    <ignored/>
  </testcase> <!-- @BeforeSuite setup -->
  <testcase name="@AfterSuite tearDown" time="0.0" classname="com.HyreFox.testCases.BaseClass">
    <ignored/>
  </testcase> <!-- @AfterSuite tearDown -->
</testsuite> <!-- Test -->
