<?xml version="1.0" encoding="UTF-8"?>
<!-- Generated by org.testng.reporters.JUnitXMLReporter -->
<testsuite hostname="dimpi" ignored="26" name="Test" tests="14" failures="0" timestamp="2020-05-25T16:02:40 IST" time="775.77" errors="0">
  <testcase name="logintest" time="10.668" classname="com.HyreFox.testCases.LoginTest"/>
  <testcase name="leaderboard" time="10.87" classname="com.HyreFox.testCases.leadershipBoard"/>
  <testcase name="createemp" time="45.023" classname="com.HyreFox.testCases.CreateEmployer"/>
  <testcase name="createrequire" time="45.802" classname="com.HyreFox.testCases.CreateRequirements"/>
  <testcase name="createrequiredrive" time="24.313" classname="com.HyreFox.testCases.RequirementDrive"/>
  <testcase name="createrequire" time="27.526" classname="com.HyreFox.testCases.Employers"/>
  <testcase name="empcom" time="105.779" classname="com.HyreFox.testCases.EmployerCommunication"/>
  <testcase name="empcom" time="50.596" classname="com.HyreFox.testCases.EmployerDetails"/>
  <testcase name="createrequire" time="50.73" classname="com.HyreFox.testCases.Candidate"/>
  <testcase name="addcandidate" time="34.448" classname="com.HyreFox.testCases.AddCandidate"/>
  <testcase name="createrequire" time="178.475" classname="com.HyreFox.testCases.CandidateFollowup"/>
  <testcase name="createrequire" time="50.666" classname="com.HyreFox.testCases.CandidateFollowupEdit"/>
  <testcase name="createrequire" time="87.9" classname="com.HyreFox.testCases.LostCandidate_Assign"/>
  <testcase name="createrequire" time="52.091" classname="com.HyreFox.testCases.CandidateInternalDB"/>
  <testcase name="@BeforeSuite setup" time="0.0" classname="com.HyreFox.testCases.BaseClass">
    <ignored/>
  </testcase> <!-- @BeforeSuite setup -->
  <testcase name="@BeforeSuite setup" time="0.0" classname="com.HyreFox.testCases.BaseClass">
    <ignored/>
  </testcase> <!-- @BeforeSuite setup -->
  <testcase name="@BeforeSuite setup" time="0.0" classname="com.HyreFox.testCases.BaseClass">
    <ignored/>
  </testcase> <!-- @BeforeSuite setup -->
  <testcase name="@BeforeSuite setup" time="0.0" classname="com.HyreFox.testCases.BaseClass">
    <ignored/>
  </testcase> <!-- @BeforeSuite setup -->
  <testcase name="@BeforeSuite setup" time="0.0" classname="com.HyreFox.testCases.BaseClass">
    <ignored/>
  </testcase> <!-- @BeforeSuite setup -->
  <testcase name="@BeforeSuite setup" time="0.0" classname="com.HyreFox.testCases.BaseClass">
    <ignored/>
  </testcase> <!-- @BeforeSuite setup -->
  <testcase name="@BeforeSuite setup" time="0.0" classname="com.HyreFox.testCases.BaseClass">
    <ignored/>
  </testcase> <!-- @BeforeSuite setup -->
  <testcase name="@BeforeSuite setup" time="0.0" classname="com.HyreFox.testCases.BaseClass">
    <ignored/>
  </testcase> <!-- @BeforeSuite setup -->
  <testcase name="@BeforeSuite setup" time="0.0" classname="com.HyreFox.testCases.BaseClass">
    <ignored/>
  </testcase> <!-- @BeforeSuite setup -->
  <testcase name="@BeforeSuite setup" time="0.0" classname="com.HyreFox.testCases.BaseClass">
    <ignored/>
  </testcase> <!-- @BeforeSuite setup -->
  <testcase name="@BeforeSuite setup" time="0.0" classname="com.HyreFox.testCases.BaseClass">
    <ignored/>
  </testcase> <!-- @BeforeSuite setup -->
  <testcase name="@BeforeSuite setup" time="0.0" classname="com.HyreFox.testCases.BaseClass">
    <ignored/>
  </testcase> <!-- @BeforeSuite setup -->
  <testcase name="@BeforeSuite setup" time="0.0" classname="com.HyreFox.testCases.BaseClass">
    <ignored/>
  </testcase> <!-- @BeforeSuite setup -->
  <testcase name="@AfterSuite tearDown" time="0.0" classname="com.HyreFox.testCases.BaseClass">
    <ignored/>
  </testcase> <!-- @AfterSuite tearDown -->
  <testcase name="@AfterSuite tearDown" time="0.0" classname="com.HyreFox.testCases.BaseClass">
    <ignored/>
  </testcase> <!-- @AfterSuite tearDown -->
  <testcase name="@AfterSuite tearDown" time="0.0" classname="com.HyreFox.testCases.BaseClass">
    <ignored/>
  </testcase> <!-- @AfterSuite tearDown -->
  <testcase name="@AfterSuite tearDown" time="0.0" classname="com.HyreFox.testCases.BaseClass">
    <ignored/>
  </testcase> <!-- @AfterSuite tearDown -->
  <testcase name="@AfterSuite tearDown" time="0.0" classname="com.HyreFox.testCases.BaseClass">
    <ignored/>
  </testcase> <!-- @AfterSuite tearDown -->
  <testcase name="@AfterSuite tearDown" time="0.0" classname="com.HyreFox.testCases.BaseClass">
    <ignored/>
  </testcase> <!-- @AfterSuite tearDown -->
  <testcase name="@AfterSuite tearDown" time="0.0" classname="com.HyreFox.testCases.BaseClass">
    <ignored/>
  </testcase> <!-- @AfterSuite tearDown -->
  <testcase name="@AfterSuite tearDown" time="0.0" classname="com.HyreFox.testCases.BaseClass">
    <ignored/>
  </testcase> <!-- @AfterSuite tearDown -->
  <testcase name="@AfterSuite tearDown" time="0.0" classname="com.HyreFox.testCases.BaseClass">
    <ignored/>
  </testcase> <!-- @AfterSuite tearDown -->
  <testcase name="@AfterSuite tearDown" time="0.0" classname="com.HyreFox.testCases.BaseClass">
    <ignored/>
  </testcase> <!-- @AfterSuite tearDown -->
  <testcase name="@AfterSuite tearDown" time="0.0" classname="com.HyreFox.testCases.BaseClass">
    <ignored/>
  </testcase> <!-- @AfterSuite tearDown -->
  <testcase name="@AfterSuite tearDown" time="0.0" classname="com.HyreFox.testCases.BaseClass">
    <ignored/>
  </testcase> <!-- @AfterSuite tearDown -->
  <testcase name="@AfterSuite tearDown" time="0.0" classname="com.HyreFox.testCases.BaseClass">
    <ignored/>
  </testcase> <!-- @AfterSuite tearDown -->
</testsuite> <!-- Test -->
