<?xml version="1.0" encoding="UTF-8"?>
<testng-results skipped="0" failed="0" ignored="2" total="4" passed="2">
  <reporter-output>
  </reporter-output>
  <suite name="Suite" duration-ms="125055" started-at="2020-04-07T13:56:21 IST" finished-at="2020-04-07T13:58:26 IST">
    <groups>
    </groups>
    <test name="Test" duration-ms="125055" started-at="2020-04-07T13:56:21 IST" finished-at="2020-04-07T13:58:26 IST">
      <class name="com.HyreFox.testCases.LoginTest">
        <test-method status="PASS" signature="setup()[pri:0, instance:com.HyreFox.testCases.LoginTest@33f88ab]" name="setup" is-config="true" duration-ms="40975" started-at="2020-04-07T13:55:40 IST" finished-at="2020-04-07T13:56:21 IST">
          <reporter-output>
          </reporter-output>
        </test-method> <!-- setup -->
        <test-method status="PASS" signature="logintest()[pri:0, instance:com.HyreFox.testCases.LoginTest@33f88ab]" name="logintest" duration-ms="83487" started-at="2020-04-07T13:56:21 IST" finished-at="2020-04-07T13:57:45 IST">
          <reporter-output>
          </reporter-output>
        </test-method> <!-- logintest -->
        <test-method status="PASS" signature="tearDown()[pri:0, instance:com.HyreFox.testCases.LoginTest@33f88ab]" name="tearDown" is-config="true" duration-ms="1" started-at="2020-04-07T13:58:28 IST" finished-at="2020-04-07T13:58:28 IST">
          <reporter-output>
          </reporter-output>
        </test-method> <!-- tearDown -->
      </class> <!-- com.HyreFox.testCases.LoginTest -->
      <class name="com.HyreFox.testCases.CreateRequirements">
        <test-method status="PASS" signature="createrequire()[pri:0, instance:com.HyreFox.testCases.CreateRequirements@27a8c74e]" name="createrequire" duration-ms="40920" started-at="2020-04-07T13:57:45 IST" finished-at="2020-04-07T13:58:26 IST">
          <reporter-output>
          </reporter-output>
        </test-method> <!-- createrequire -->
      </class> <!-- com.HyreFox.testCases.CreateRequirements -->
    </test> <!-- Test -->
  </suite> <!-- Suite -->
</testng-results>
